f:\myproject\servicecoredll\servicecoredll\debug_unicode\servicecoredll.pch
f:\myproject\servicecoredll\servicecoredll\debug_unicode\vc120.pdb
f:\myproject\servicecoredll\servicecoredll\debug_unicode\vc120.idb
f:\myproject\servicecoredll\servicecoredll\debug_unicode\stdafx.obj
f:\myproject\servicecoredll\servicecoredll\debug_unicode\servicecoredll.obj
f:\myproject\servicecoredll\servicecoredll\debug_unicode\whthread.obj
f:\myproject\servicecoredll\debug_unicode\servicecoredll.ilk
f:\myproject\servicecoredll\debug_unicode\servicecoredll.dll
f:\myproject\servicecoredll\debug_unicode\servicecoredll.pdb
f:\myproject\servicecoredll\debug_unicode\servicecoredll.lib
f:\myproject\servicecoredll\debug_unicode\servicecoredll.exp
f:\myproject\ryservice\servicecoredll\servicecoredll\debug_unicode\servicecoredll.obj
f:\myproject\ryservice\servicecoredll\servicecoredll\debug_unicode\stdafx.obj
f:\myproject\ryservice\servicecoredll\servicecoredll\debug_unicode\whthread.obj
f:\myproject\ryservice\servicecoredll\servicecoredll\debug_unicode\servicecoredll.pch
f:\myproject\ryservice\servicecoredll\servicecoredll\debug_unicode\vc120.idb
f:\myproject\ryservice\servicecoredll\servicecoredll\debug_unicode\vc120.pdb
f:\myproject\ryservice\servicecoredll\debug_unicode\servicecoredll.pdb
f:\myproject\ryservice\servicecoredll\debug_unicode\servicecoredll.dll
f:\myproject\ryservice\servicecoredll\debug_unicode\servicecoredll.ilk
f:\myproject\ryservice\servicecoredll\servicecoredll\debug_unicode\servicecoredll.tlog\cl.command.1.tlog
f:\myproject\ryservice\servicecoredll\servicecoredll\debug_unicode\servicecoredll.tlog\cl.read.1.tlog
f:\myproject\ryservice\servicecoredll\servicecoredll\debug_unicode\servicecoredll.tlog\cl.write.1.tlog
f:\myproject\ryservice\servicecoredll\servicecoredll\debug_unicode\servicecoredll.tlog\link.command.1.tlog
f:\myproject\ryservice\servicecoredll\servicecoredll\debug_unicode\servicecoredll.tlog\link.read.1.tlog
f:\myproject\ryservice\servicecoredll\servicecoredll\debug_unicode\servicecoredll.tlog\link.write.1.tlog
f:\myproject\ryservice\servicecoredll\servicecoredll\debug_unicode\servicecoredll.tlog\servicecoredll.write.1u.tlog
